This is pdfTeX, Version 3.14159265-2.6-1.40.20 (TeX Live 2019) (preloaded format=pdflatex 2019.5.8)  11 FEB 2020 19:30
entering extended mode
 restricted \write18 enabled.
 file:line:error style messages enabled.
 %&-line parsing enabled.
**hw1.tex
(./hw1.tex
LaTeX2e <2018-12-01>
(/usr/local/texlive/2019/texmf-dist/tex/latex/base/article.cls
Document Class: article 2018/09/03 v1.4i Standard LaTeX document class
(/usr/local/texlive/2019/texmf-dist/tex/latex/base/size10.clo
File: size10.clo 2018/09/03 v1.4i Standard LaTeX file (size option)
)
\c@part=\count80
\c@section=\count81
\c@subsection=\count82
\c@subsubsection=\count83
\c@paragraph=\count84
\c@subparagraph=\count85
\c@figure=\count86
\c@table=\count87
\abovecaptionskip=\skip41
\belowcaptionskip=\skip42
\bibindent=\dimen102
)
(/usr/local/texlive/2019/texmf-dist/tex/latex/graphics/graphicx.sty
Package: graphicx 2017/06/01 v1.1a Enhanced LaTeX Graphics (DPC,SPQR)

(/usr/local/texlive/2019/texmf-dist/tex/latex/graphics/keyval.sty
Package: keyval 2014/10/28 v1.15 key=value parser (DPC)
\KV@toks@=\toks14
)
(/usr/local/texlive/2019/texmf-dist/tex/latex/graphics/graphics.sty
Package: graphics 2017/06/25 v1.2c Standard LaTeX Graphics (DPC,SPQR)

(/usr/local/texlive/2019/texmf-dist/tex/latex/graphics/trig.sty
Package: trig 2016/01/03 v1.10 sin cos tan (DPC)
)
(/usr/local/texlive/2019/texmf-dist/tex/latex/graphics-cfg/graphics.cfg
File: graphics.cfg 2016/06/04 v1.11 sample graphics configuration
)
Package graphics Info: Driver file: pdftex.def on input line 99.

(/usr/local/texlive/2019/texmf-dist/tex/latex/graphics-def/pdftex.def
File: pdftex.def 2018/01/08 v1.0l Graphics/color driver for pdftex
))
\Gin@req@height=\dimen103
\Gin@req@width=\dimen104
)
(/usr/local/texlive/2019/texmf-dist/tex/latex/base/inputenc.sty
Package: inputenc 2018/08/11 v1.3c Input encoding file
\inpenc@prehook=\toks15
\inpenc@posthook=\toks16
)
(/usr/local/texlive/2019/texmf-dist/tex/latex/adjustbox/adjustbox.sty
Package: adjustbox 2019/01/04 v1.2 Adjusting TeX boxes (trim, clip, ...)

(/usr/local/texlive/2019/texmf-dist/tex/latex/xkeyval/xkeyval.sty
Package: xkeyval 2014/12/03 v2.7a package option processing (HA)

(/usr/local/texlive/2019/texmf-dist/tex/generic/xkeyval/xkeyval.tex
(/usr/local/texlive/2019/texmf-dist/tex/generic/xkeyval/xkvutils.tex
\XKV@toks=\toks17
\XKV@tempa@toks=\toks18
)
\XKV@depth=\count88
File: xkeyval.tex 2014/12/03 v2.7a key=value parser (HA)
))
(/usr/local/texlive/2019/texmf-dist/tex/latex/adjustbox/adjcalc.sty
Package: adjcalc 2012/05/16 v1.1 Provides advanced setlength with multiple back
-ends (calc, etex, pgfmath)
)
(/usr/local/texlive/2019/texmf-dist/tex/latex/adjustbox/trimclip.sty
Package: trimclip 2018/04/08 v1.1 Trim and clip general TeX material

(/usr/local/texlive/2019/texmf-dist/tex/latex/collectbox/collectbox.sty
Package: collectbox 2012/05/17 v0.4b Collect macro arguments as boxes
\collectedbox=\box27
)
\tc@llx=\dimen105
\tc@lly=\dimen106
\tc@urx=\dimen107
\tc@ury=\dimen108
Package trimclip Info: Using driver 'tc-pdftex.def'.

(/usr/local/texlive/2019/texmf-dist/tex/latex/adjustbox/tc-pdftex.def
File: tc-pdftex.def 2019/01/04 v2.2 Clipping driver for pdftex
))
\adjbox@Width=\dimen109
\adjbox@Height=\dimen110
\adjbox@Depth=\dimen111
\adjbox@Totalheight=\dimen112
\adjbox@pwidth=\dimen113
\adjbox@pheight=\dimen114
\adjbox@pdepth=\dimen115
\adjbox@ptotalheight=\dimen116

(/usr/local/texlive/2019/texmf-dist/tex/latex/ifoddpage/ifoddpage.sty
Package: ifoddpage 2016/04/23 v1.1 Conditionals for odd/even page detection
\c@checkoddpage=\count89
)
(/usr/local/texlive/2019/texmf-dist/tex/latex/varwidth/varwidth.sty
Package: varwidth 2009/03/30 ver 0.92;  Variable-width minipages
\@vwid@box=\box28
\sift@deathcycles=\count90
\@vwid@loff=\dimen117
\@vwid@roff=\dimen118
))
(./hw1.aux)
\openout1 = `hw1.aux'.

LaTeX Font Info:    Checking defaults for OML/cmm/m/it on input line 7.
LaTeX Font Info:    ... okay on input line 7.
LaTeX Font Info:    Checking defaults for T1/cmr/m/n on input line 7.
LaTeX Font Info:    ... okay on input line 7.
LaTeX Font Info:    Checking defaults for OT1/cmr/m/n on input line 7.
LaTeX Font Info:    ... okay on input line 7.
LaTeX Font Info:    Checking defaults for OMS/cmsy/m/n on input line 7.
LaTeX Font Info:    ... okay on input line 7.
LaTeX Font Info:    Checking defaults for OMX/cmex/m/n on input line 7.
LaTeX Font Info:    ... okay on input line 7.
LaTeX Font Info:    Checking defaults for U/cmr/m/n on input line 7.
LaTeX Font Info:    ... okay on input line 7.

(/usr/local/texlive/2019/texmf-dist/tex/context/base/mkii/supp-pdf.mkii
[Loading MPS to PDF converter (version 2006.09.02).]
\scratchcounter=\count91
\scratchdimen=\dimen119
\scratchbox=\box29
\nofMPsegments=\count92
\nofMParguments=\count93
\everyMPshowfont=\toks19
\MPscratchCnt=\count94
\MPscratchDim=\dimen120
\MPnumerator=\count95
\makeMPintoPDFobject=\count96
\everyMPtoPDFconversion=\toks20
) (/usr/local/texlive/2019/texmf-dist/tex/latex/oberdiek/epstopdf-base.sty
Package: epstopdf-base 2016/05/15 v2.6 Base part for package epstopdf

(/usr/local/texlive/2019/texmf-dist/tex/generic/oberdiek/infwarerr.sty
Package: infwarerr 2016/05/16 v1.4 Providing info/warning/error messages (HO)
)
(/usr/local/texlive/2019/texmf-dist/tex/latex/oberdiek/grfext.sty
Package: grfext 2016/05/16 v1.2 Manage graphics extensions (HO)

(/usr/local/texlive/2019/texmf-dist/tex/generic/oberdiek/kvdefinekeys.sty
Package: kvdefinekeys 2016/05/16 v1.4 Define keys (HO)

(/usr/local/texlive/2019/texmf-dist/tex/generic/oberdiek/ltxcmds.sty
Package: ltxcmds 2016/05/16 v1.23 LaTeX kernel commands for general use (HO)
)))
(/usr/local/texlive/2019/texmf-dist/tex/latex/oberdiek/kvoptions.sty
Package: kvoptions 2016/05/16 v3.12 Key value format for package options (HO)

(/usr/local/texlive/2019/texmf-dist/tex/generic/oberdiek/kvsetkeys.sty
Package: kvsetkeys 2016/05/16 v1.17 Key value parser (HO)

(/usr/local/texlive/2019/texmf-dist/tex/generic/oberdiek/etexcmds.sty
Package: etexcmds 2016/05/16 v1.6 Avoid name clashes with e-TeX commands (HO)

(/usr/local/texlive/2019/texmf-dist/tex/generic/oberdiek/ifluatex.sty
Package: ifluatex 2016/05/16 v1.4 Provides the ifluatex switch (HO)
Package ifluatex Info: LuaTeX not detected.
))))
(/usr/local/texlive/2019/texmf-dist/tex/generic/oberdiek/pdftexcmds.sty
Package: pdftexcmds 2018/09/10 v0.29 Utility functions of pdfTeX for LuaTeX (HO
)

(/usr/local/texlive/2019/texmf-dist/tex/generic/oberdiek/ifpdf.sty
Package: ifpdf 2018/09/07 v3.3 Provides the ifpdf switch
)
Package pdftexcmds Info: LuaTeX not detected.
Package pdftexcmds Info: \pdf@primitive is available.
Package pdftexcmds Info: \pdf@ifprimitive is available.
Package pdftexcmds Info: \pdfdraftmode found.
)
Package epstopdf-base Info: Redefining graphics rule for `.eps' on input line 4
38.
Package grfext Info: Graphics extension search list:
(grfext)             [.pdf,.png,.jpg,.mps,.jpeg,.jbig2,.jb2,.PDF,.PNG,.JPG,.JPE
G,.JBIG2,.JB2,.eps]
(grfext)             \AppendGraphicsExtensions on input line 456.

(/usr/local/texlive/2019/texmf-dist/tex/latex/latexconfig/epstopdf-sys.cfg
File: epstopdf-sys.cfg 2010/07/13 v1.3 Configuration of (r)epstopdf for TeX Liv
e
))
LaTeX Font Info:    External font `cmex10' loaded for size
(Font)              <12> on input line 12.
LaTeX Font Info:    External font `cmex10' loaded for size
(Font)              <8> on input line 12.
LaTeX Font Info:    External font `cmex10' loaded for size
(Font)              <6> on input line 12.

Overfull \hbox (27.33444pt too wide) in paragraph at lines 19--27
\OT1/cmr/m/n/10 [0.6862745098039216, 0.8431372549019608, 0.8823529411764706, 0.
8235294117647058,
 []


Underfull \hbox (badness 10000) in paragraph at lines 19--27

 []


Underfull \hbox (badness 10000) in paragraph at lines 19--27

 []


Underfull \hbox (badness 10000) in paragraph at lines 19--27

 []


Underfull \hbox (badness 10000) in paragraph at lines 28--31

 []


Underfull \hbox (badness 10000) in paragraph at lines 28--31

 []

LaTeX Font Info:    External font `cmex10' loaded for size
(Font)              <7> on input line 40.
LaTeX Font Info:    External font `cmex10' loaded for size
(Font)              <5> on input line 40.

Overfull \hbox (98.52303pt too wide) in paragraph at lines 40--41
 [] 
 []


Overfull \hbox (32.33446pt too wide) in paragraph at lines 42--50
\OT1/cmr/m/n/10 [0.9803921568627451, 0.49019607843137253, 0.9215686274509803, 0
.8235294117647058,
 []


Underfull \hbox (badness 10000) in paragraph at lines 42--50

 []


Underfull \hbox (badness 10000) in paragraph at lines 42--50

 []


Underfull \hbox (badness 10000) in paragraph at lines 42--50

 []


Underfull \hbox (badness 10000) in paragraph at lines 51--54

 []


Underfull \hbox (badness 10000) in paragraph at lines 51--54

 []


Overfull \hbox (98.52303pt too wide) in paragraph at lines 63--64
 [] 
 []


Overfull \hbox (73.33456pt too wide) in paragraph at lines 65--73
\OT1/cmr/m/n/10 [0.9722222222222222, 0.95, 0.9555555555555556, 0.95, 0.95555555
55555556, 0.9611111111111111,
 []


Overfull \hbox (24.55666pt too wide) in paragraph at lines 65--73
\OT1/cmr/m/n/10 0.9611111111111111, 0.9720670391061452, 0.9329608938547486, 0.9
608938547486033] 
 []


Underfull \hbox (badness 10000) in paragraph at lines 65--73

 []


Underfull \hbox (badness 10000) in paragraph at lines 65--73

 []


Underfull \hbox (badness 10000) in paragraph at lines 65--73

 []

[1

{/usr/local/texlive/2019/texmf-var/fonts/map/pdftex/updmap/pdftex.map}]
Underfull \hbox (badness 10000) in paragraph at lines 74--77

 []


Underfull \hbox (badness 10000) in paragraph at lines 74--77

 []


Overfull \hbox (98.52303pt too wide) in paragraph at lines 86--87
 [] 
 []


Overfull \hbox (5.25092pt too wide) in paragraph at lines 88--96
\OT1/cmr/m/n/10 ============== method: SVC, dataset: Boston50 [0.68627450980392
16,
 []


Overfull \hbox (24.55666pt too wide) in paragraph at lines 88--96
\OT1/cmr/m/n/10 0.8627450980392157, 0.7843137254901961, 0.7647058823529411, 0.7
254901960784313,
 []


Underfull \hbox (badness 10000) in paragraph at lines 88--96

 []


Underfull \hbox (badness 10000) in paragraph at lines 88--96

 []


Underfull \hbox (badness 10000) in paragraph at lines 88--96

 []


Underfull \hbox (badness 10000) in paragraph at lines 97--100

 []


Underfull \hbox (badness 10000) in paragraph at lines 97--100

 []


Overfull \hbox (98.52303pt too wide) in paragraph at lines 109--110
 [] 
 []


Overfull \hbox (5.25092pt too wide) in paragraph at lines 111--119
\OT1/cmr/m/n/10 ============== method: SVC, dataset: Boston75 [0.84313725490196
08,
 []


Overfull \hbox (24.55666pt too wide) in paragraph at lines 111--119
\OT1/cmr/m/n/10 0.6666666666666666, 0.7843137254901961, 0.7058823529411765, 0.7
843137254901961,
 []


Underfull \hbox (badness 10000) in paragraph at lines 111--119

 []


Underfull \hbox (badness 10000) in paragraph at lines 111--119

 []


Underfull \hbox (badness 10000) in paragraph at lines 111--119

 []


Underfull \hbox (badness 10000) in paragraph at lines 120--123

 []


Underfull \hbox (badness 10000) in paragraph at lines 120--123

 []


Overfull \hbox (98.52303pt too wide) in paragraph at lines 132--133
 [] 
 []


Overfull \hbox (42.5567pt too wide) in paragraph at lines 134--142
\OT1/cmr/m/n/10 0.9944444444444445, 0.9944444444444445, 1.0, 0.9888888888888889
, 0.9888888888888889,
 []


Overfull \hbox (14.55663pt too wide) in paragraph at lines 134--142
\OT1/cmr/m/n/10 0.9888888888888889, 0.9888268156424581, 0.994413407821229, 0.99
4413407821229] 
 []


Underfull \hbox (badness 10000) in paragraph at lines 134--142

 []


Underfull \hbox (badness 10000) in paragraph at lines 134--142

 []


Underfull \hbox (badness 10000) in paragraph at lines 134--142

 []


Underfull \hbox (badness 10000) in paragraph at lines 143--146

 []


Underfull \hbox (badness 10000) in paragraph at lines 143--146

 []

[2]
Overfull \hbox (98.52303pt too wide) in paragraph at lines 155--156
 [] 
 []


Overfull \hbox (65.94547pt too wide) in paragraph at lines 157--165
\OT1/cmr/m/n/10 ============== method: Lo-gis-ti-cRe-gres-sion, dataset: Boston
50 [0.8823529411764706,
 []


Overfull \hbox (24.55666pt too wide) in paragraph at lines 157--165
\OT1/cmr/m/n/10 0.8823529411764706, 0.9019607843137255, 0.8627450980392157, 0.8
627450980392157,
 []


Underfull \hbox (badness 10000) in paragraph at lines 157--165

 []


Underfull \hbox (badness 10000) in paragraph at lines 157--165

 []


Underfull \hbox (badness 10000) in paragraph at lines 157--165

 []


Underfull \hbox (badness 10000) in paragraph at lines 166--169

 []


Underfull \hbox (badness 10000) in paragraph at lines 166--169

 []


Overfull \hbox (98.52303pt too wide) in paragraph at lines 178--179
 [] 
 []


Overfull \hbox (65.94547pt too wide) in paragraph at lines 180--188
\OT1/cmr/m/n/10 ============== method: Lo-gis-ti-cRe-gres-sion, dataset: Boston
75 [0.8823529411764706,
 []


Overfull \hbox (24.55666pt too wide) in paragraph at lines 180--188
\OT1/cmr/m/n/10 0.9803921568627451, 0.8823529411764706, 0.8627450980392157, 0.9
607843137254902,
 []


Underfull \hbox (badness 10000) in paragraph at lines 180--188

 []


Underfull \hbox (badness 10000) in paragraph at lines 180--188

 []


Underfull \hbox (badness 10000) in paragraph at lines 180--188

 []


Underfull \hbox (badness 10000) in paragraph at lines 189--192

 []


Underfull \hbox (badness 10000) in paragraph at lines 189--192

 []


Overfull \hbox (98.52303pt too wide) in paragraph at lines 201--202
 [] 
 []


Overfull \hbox (51.50096pt too wide) in paragraph at lines 203--211
\OT1/cmr/m/n/10 ============== method: Lo-gis-ti-cRe-gres-sion, dataset: Dig-it
s [0.9555555555555556,
 []


Overfull \hbox (24.55666pt too wide) in paragraph at lines 203--211
\OT1/cmr/m/n/10 0.9722222222222222, 0.9777777777777777, 0.9611111111111111, 0.9
722222222222222,
 []


Overfull \hbox (24.55666pt too wide) in paragraph at lines 203--211
\OT1/cmr/m/n/10 0.9888888888888889, 0.9722222222222222, 0.9385474860335196, 0.9
776536312849162,
 []


Underfull \hbox (badness 10000) in paragraph at lines 203--211

 []


Underfull \hbox (badness 10000) in paragraph at lines 203--211

 []


Underfull \hbox (badness 10000) in paragraph at lines 203--211

 []


Underfull \hbox (badness 10000) in paragraph at lines 212--215

 []


Underfull \hbox (badness 10000) in paragraph at lines 212--215

 []


Overfull \hbox (98.52303pt too wide) in paragraph at lines 224--225
 [] 
 []

[3]
Underfull \hbox (badness 10000) in paragraph at lines 238--245

 []


Underfull \hbox (badness 10000) in paragraph at lines 238--245

 []


Underfull \hbox (badness 10000) in paragraph at lines 238--245

 []


Underfull \hbox (badness 10000) in paragraph at lines 246--249

 []


Underfull \hbox (badness 10000) in paragraph at lines 246--249

 []


Overfull \hbox (98.52303pt too wide) in paragraph at lines 258--259
 [] 
 []


Underfull \hbox (badness 10000) in paragraph at lines 263--266

 []


Underfull \hbox (badness 10000) in paragraph at lines 263--266

 []


Underfull \hbox (badness 10000) in paragraph at lines 267--270

 []


Underfull \hbox (badness 10000) in paragraph at lines 267--270

 []


Overfull \hbox (98.52303pt too wide) in paragraph at lines 279--280
 [] 
 []


Underfull \hbox (badness 10000) in paragraph at lines 284--287

 []


Underfull \hbox (badness 10000) in paragraph at lines 284--287

 []


Underfull \hbox (badness 10000) in paragraph at lines 288--291

 []


Underfull \hbox (badness 10000) in paragraph at lines 288--291

 []


Overfull \hbox (98.52303pt too wide) in paragraph at lines 300--301
 [] 
 []


Underfull \hbox (badness 10000) in paragraph at lines 302--309

 []


Underfull \hbox (badness 10000) in paragraph at lines 302--309

 []


Underfull \hbox (badness 10000) in paragraph at lines 302--309

 []


Underfull \hbox (badness 10000) in paragraph at lines 310--313

 []


Underfull \hbox (badness 10000) in paragraph at lines 310--313

 []

[4]
Overfull \hbox (98.52303pt too wide) in paragraph at lines 322--323
 [] 
 []


Underfull \hbox (badness 10000) in paragraph at lines 324--331

 []


Underfull \hbox (badness 10000) in paragraph at lines 324--331

 []


Underfull \hbox (badness 10000) in paragraph at lines 324--331

 []


Underfull \hbox (badness 10000) in paragraph at lines 332--335

 []


Underfull \hbox (badness 10000) in paragraph at lines 332--335

 []


Overfull \hbox (98.52303pt too wide) in paragraph at lines 344--345
 [] 
 []


Underfull \hbox (badness 10000) in paragraph at lines 346--353

 []


Underfull \hbox (badness 10000) in paragraph at lines 346--353

 []


Underfull \hbox (badness 10000) in paragraph at lines 346--353

 []


Underfull \hbox (badness 10000) in paragraph at lines 354--357

 []


Underfull \hbox (badness 10000) in paragraph at lines 354--357

 []


Overfull \hbox (98.52303pt too wide) in paragraph at lines 366--367
 [] 
 []


Underfull \hbox (badness 10000) in paragraph at lines 368--375

 []


Underfull \hbox (badness 10000) in paragraph at lines 368--375

 []


Underfull \hbox (badness 10000) in paragraph at lines 368--375

 []


Underfull \hbox (badness 10000) in paragraph at lines 376--379

 []


Underfull \hbox (badness 10000) in paragraph at lines 376--379

 []


Overfull \hbox (98.52303pt too wide) in paragraph at lines 388--389
 [] 
 []


Underfull \hbox (badness 10000) in paragraph at lines 390--397

 []


Underfull \hbox (badness 10000) in paragraph at lines 390--397

 []


Underfull \hbox (badness 10000) in paragraph at lines 390--397

 []


Underfull \hbox (badness 10000) in paragraph at lines 398--401

 []


Underfull \hbox (badness 10000) in paragraph at lines 398--401

 []

[5]
Overfull \hbox (98.52303pt too wide) in paragraph at lines 410--411
 [] 
 []


Underfull \hbox (badness 10000) in paragraph at lines 412--419

 []


Underfull \hbox (badness 10000) in paragraph at lines 412--419

 []


Underfull \hbox (badness 10000) in paragraph at lines 412--419

 []


Underfull \hbox (badness 10000) in paragraph at lines 420--423

 []


Underfull \hbox (badness 10000) in paragraph at lines 420--423

 []


Overfull \hbox (98.52303pt too wide) in paragraph at lines 432--433
 [] 
 []


Underfull \hbox (badness 10000) in paragraph at lines 442--445

 []


Underfull \hbox (badness 10000) in paragraph at lines 442--445

 []


Underfull \hbox (badness 10000) in paragraph at lines 446--449

 []


Underfull \hbox (badness 10000) in paragraph at lines 446--449

 []


Overfull \hbox (98.52303pt too wide) in paragraph at lines 458--459
 [] 
 []


Underfull \hbox (badness 10000) in paragraph at lines 464--467

 []


Underfull \hbox (badness 10000) in paragraph at lines 464--467

 []


Underfull \hbox (badness 10000) in paragraph at lines 468--471

 []


Underfull \hbox (badness 10000) in paragraph at lines 468--471

 []


Overfull \hbox (98.52303pt too wide) in paragraph at lines 480--481
 [] 
 []


Underfull \hbox (badness 10000) in paragraph at lines 482--489

 []


Underfull \hbox (badness 10000) in paragraph at lines 482--489

 []


Underfull \hbox (badness 10000) in paragraph at lines 482--489

 []

[6]
Underfull \hbox (badness 10000) in paragraph at lines 490--493

 []


Underfull \hbox (badness 10000) in paragraph at lines 490--493

 []


Overfull \hbox (98.52303pt too wide) in paragraph at lines 502--503
 [] 
 []


Underfull \hbox (badness 10000) in paragraph at lines 504--511

 []


Underfull \hbox (badness 10000) in paragraph at lines 504--511

 []


Underfull \hbox (badness 10000) in paragraph at lines 504--511

 []


Underfull \hbox (badness 10000) in paragraph at lines 512--515

 []


Underfull \hbox (badness 10000) in paragraph at lines 512--515

 []


Overfull \hbox (98.52303pt too wide) in paragraph at lines 524--525
 [] 
 []


Underfull \hbox (badness 10000) in paragraph at lines 529--532

 []


Underfull \hbox (badness 10000) in paragraph at lines 529--532

 []


Underfull \hbox (badness 10000) in paragraph at lines 533--536

 []


Underfull \hbox (badness 10000) in paragraph at lines 533--536

 []


Overfull \hbox (98.52303pt too wide) in paragraph at lines 545--546
 [] 
 []


Underfull \hbox (badness 10000) in paragraph at lines 547--554

 []


Underfull \hbox (badness 10000) in paragraph at lines 547--554

 []


Underfull \hbox (badness 10000) in paragraph at lines 547--554

 []


Underfull \hbox (badness 10000) in paragraph at lines 555--558

 []


Underfull \hbox (badness 10000) in paragraph at lines 555--558

 []


Overfull \hbox (98.52303pt too wide) in paragraph at lines 567--568
 [] 
 []

[7] (./hw1.aux) ) 
Here is how much of TeX's memory you used:
 2452 strings out of 492616
 37976 string characters out of 6129482
 110596 words of memory out of 5000000
 6346 multiletter control sequences out of 15000+600000
 7280 words of font info for 26 fonts, out of 8000000 for 9000
 1141 hyphenation exceptions out of 8191
 41i,7n,37p,270b,189s stack positions out of 5000i,500n,10000p,200000b,80000s
</usr/local/texlive/2019/texmf-dist/fonts/type1/public/amsfont
s/cm/cmbx12.pfb></usr/local/texlive/2019/texmf-dist/fonts/type1/public/amsfonts
/cm/cmr10.pfb></usr/local/texlive/2019/texmf-dist/fonts/type1/public/amsfonts/c
m/cmr12.pfb></usr/local/texlive/2019/texmf-dist/fonts/type1/public/amsfonts/cm/
cmr17.pfb>
Output written on hw1.pdf (7 pages, 58680 bytes).
PDF statistics:
 44 PDF objects out of 1000 (max. 8388607)
 30 compressed objects within 1 object stream
 0 named destinations out of 1000 (max. 500000)
 1 words of extra memory for PDF output out of 10000 (max. 10000000)

